INFO - 
***************************
***************************
 NEW RUN STARTS HERE 
*************************** 
***************************
INFO - File logging success flags: 
 file available: 1, 
 config available: 1, 
 init available: 1
INFO - Bit initialized: 
 Params { theta: Matrix { data: [[0.0, 0.006981317007977318, 0.006981317007977318, 0.0017453292519943296, 0.0017453292519943296, 0.0017453292519943296, 0.0, 0.1, -0.6981317007977318]] }, d_theta_dt: Matrix { data: [[0.0, 0.0, 0.0, 0.0, 0.0, 0.0, 0.0, 0.0, 0.0]] }, dthet_thet: Matrix { data: [[0.0, 0.0, 0.0, 0.0, 0.0, 0.0, 0.0, 0.0, 0.0, 0.0, 0.006981317007977318, 0.006981317007977318, 0.0017453292519943296, 0.0017453292519943296, 0.0017453292519943296, 0.0, 0.1, -0.6981317007977318]] }, x: Matrix { data: [[0.0, 0.0, 0.0, 0.0, 0.0, 0.0, 0.0, 0.0, 0.0, 0.0, 0.006981317007977318, 0.006981317007977318, 0.0017453292519943296, 0.0017453292519943296, 0.0017453292519943296, 0.0, 0.1, -0.6981317007977318, 0.0, 0.0, 14.137166941154069]] }, _zn: [[0.0, 0.0, 1.0], [1.0, 0.0, 0.0], [0.0, 1.0, 0.0], [1.0, 0.0, 0.0], [0.0, 1.0, 0.0], [0.0, 0.0, 1.0], [0.0, 0.0, 1.0], [1.0, 0.0, 0.0], [0.0, 1.0, 0.0]], omega_rw: 0.0, _i_z_rw: 4.5, omega_m: Matrix { data: [[0.0, 0.0, 0.0]] }, _dt: 0.0001, _num_steps: 10, phi_act: [0.0, 0.0, 0.0], unlock: Matrix { data: [[1.0, 1.0, 1.0, 1.0, 1.0, 1.0, 1.0, 1.0, 1.0]] }, piv_flag: true, _tau_piv_max: 20.0, _roll_theta_max: 0.10471975511965977, _pitch_theta_max: -1.0471975511965976, _pitch_theta_min: -0.3490658503988659, gps: Gps { lat: 47.00228230492266, lon: -82.21033601607436, utc: 946684800.0 } }
INFO - Estimation initialized: 
 Est { _q_k: Matrix { data: [1.0, 0.0, 0.0, 0.0, 1.0, 0.0, 0.0, 0.0, 1.0] }, _r_k: Matrix { data: [1.0, 0.0, 0.0, 0.0, 1.0, 0.0, 0.0, 0.0, 1.0] }, omega_k: Matrix { data: [0.0, 0.0, 0.0] }, xhat_k: Matrix { data: [0.0, 0.0, 0.0, 0.0, 0.0, 0.0, 0.0, 0.0, 0.0, 0.0, 0.0, 0.0, 0.0, 0.0, 0.0, 0.0, 0.0, 0.0] }, c_hat_k: Matrix { data: [1.0, 0.0, 0.0, 0.0, 1.0, 0.0, 0.0, 0.0, 1.0] }, xdes: Matrix { data: [0.0, 0.0, 0.0] }, c_des: Matrix { data: [1.0, 0.0, 0.0, 0.0, 1.0, 0.0, 0.0, 0.0, 1.0] }, phi_hat_k: Matrix { data: [0.0, 0.0, 0.0] } }
DEBUG - gmst 58.25307741621509, jd 2459643.210590278, mn_obliq 23.43640822228731, nut in lon -0.0036812363614777462, nut in obl 0.001600199463761814
DEBUG - true obliq 23.43800842175107, apparent srt 58.24969991510628
TRACE - extract_gimbal_rpy start
TRACE - extract_gimbal_rpy end
TRACE - extract_gimbal_rpy start
TRACE - extract_gimbal_rpy end
INFO - Ctrl struct initialized
DEBUG - Control initialized: 
 Ctrl { fmot_roll: TorqueMotor { _tau_max: 11.14, _tau_thresh: 0.001, tau_applied: 0.0, tau_request: 0.0, _ts: 0.0028459445452189685, omega: 0.0 }, fmot_pitch: TorqueMotor { _tau_max: 11.14, _tau_thresh: 0.001, tau_applied: 0.0, tau_request: 0.0, _ts: 0.0028459445452189685, omega: 0.0 }, rw: TorqueMotor { _tau_max: 80.0, _tau_thresh: 0.001, tau_applied: 0.0, tau_request: 0.0, _ts: 0.0028459445452189685, omega: 0.0 }, pivot: StepperMotor { omega: 0.0, omega_max: 0.0, omega_request: 0.0, omega_rw_nom: 3.141592653589793, gain1: 0.03, gain2: 3.1270560761789827, _ts: 0.001 }, fine_gains: Gains { kp: Matrix { data: [0.1, 0.0, 0.0, 0.0, 0.1, 0.0, 0.0, 0.0, 3.0] }, kd: Matrix { data: [0.01, 0.0, 0.0, 0.0, 0.001, 0.0, 0.0, 0.0, 0.01] }, ki: Matrix { data: [1e-5, 0.0, 0.0, 0.0, 0.0, 0.0, 0.0, 0.0, 0.0001] } }, slew_gains: Gains { kp: Matrix { data: [0.1, 0.0, 0.0, 0.0, 0.1, 0.0, 0.0, 0.0, 3.0] }, kd: Matrix { data: [0.01, 0.0, 0.0, 0.0, 0.001, 0.0, 0.0, 0.0, 0.01] }, ki: Matrix { data: [1e-5, 0.0, 0.0, 0.0, 0.0, 0.0, 0.0, 0.0, 0.0001] } }, error: Error { err_gmb_th: Matrix { data: [0.0, 0.0, 0.0] }, err_fine_th: Matrix { data: [0.0, 0.0, 0.0] }, err_th: Matrix { data: [0.0, 0.0, 0.0] }, err_rate: Matrix { data: [0.0, 0.0, 0.0] }, err_rate_sum: Matrix { data: [0.0, 0.0, 0.0] }, _err_tc: 10.0, _err_decay: 0.999000499833375, _ctrl_dt: 0.01, rot_err: Rotation { matrix: Matrix { data: [1.0, 0.0, 0.0, 0.0, 1.0, 0.0, 0.0, 0.0, 1.0] } }, u_lower: 1e-5, u_upper: 0.001 }, state: State { omega: Matrix { data: [0.0, 0.0, 0.0] }, dtheta: Matrix { data: [0.0, 0.0, 0.0] }, gps: Gps { lat: 47.00228230492266, lon: 82.21033601607436, _utc: 946684800, gast: 58.24969991510628 }, eq_k: Equatorial { ra: 0.0, dec: 0.0, fr: 0.0, rot: Rotation { matrix: Matrix { data: [1.0, 0.0, 0.0, 0.0, 1.0, 0.0, 0.0, 0.0, 1.0] } } }, eq_d: Equatorial { ra: 0.0, dec: 0.0, fr: 0.0, rot: Rotation { matrix: Matrix { data: [1.0, 0.0, 0.0, 0.0, 1.0, 0.0, 0.0, 0.0, 1.0] } } }, hor: Horizontal { az: 0.0, el: 0.0, ir: 0.0, rot: Rotation { matrix: Matrix { data: [1.0, 0.0, 0.0, 0.0, 1.0, 0.0, 0.0, 0.0, 1.0] } } }, gmb_k: Gimbal { roll: -0.0259154632, pitch: 0.7501454609999999, yaw: -0.027800000000000002, rot: Rotation { matrix: Matrix { data: [0.730815981586113, 0.027787085641713016, 0.68200870883726, -0.03799451303688089, 0.9992779478098618, -3.603433954696422e-8, -0.6815162639566399, -0.025912562444712343, 0.7313440510936918] } }, gmm: Matrix { data: [1.0, 0.0, 0.0, 0.0, 1.0, 0.0, 0.0, 0.0, 1.0] } }, gmb_d: Gimbal { roll: -0.0259154632, pitch: 0.7501454609999999, yaw: -0.027800000000000002, rot: Rotation { matrix: Matrix { data: [0.730815981586113, 0.027787085641713016, 0.68200870883726, -0.03799451303688089, 0.9992779478098618, -3.603433954696422e-8, -0.6815162639566399, -0.025912562444712343, 0.7313440510936918] } }, gmm: Matrix { data: [1.0, 0.0, 0.0, 0.0, 1.0, 0.0, 0.0, 0.0, 1.0] } }, ceh: Rotation { matrix: Matrix { data: [1.0, 0.0, 0.0, 0.0, 1.0, 0.0, 0.0, 0.0, 1.0] } }, b2h_offset: Rotation { matrix: Matrix { data: [1.0, 0.0, 0.0, 0.0, 1.0, 0.0, 0.0, 0.0, 1.0] } } }, slew_flag: true }
DEBUG - JSON Read successful, updated states: Gains { kp: Matrix { data: [0.0, 0.0, 0.0, 0.0, 0.0, 0.0, 0.0, 0.0, 0.0] }, kd: Matrix { data: [0.0, 0.0, 0.0, 0.0, 0.0, 0.0, 0.0, 0.0, 0.0] }, ki: Matrix { data: [0.0, 0.0, 0.0, 0.0, 0.0, 0.0, 0.0, 0.0, 0.0] } }

, Gains { kp: Matrix { data: [0.0, 0.0, 0.0, 0.0, 0.0, 0.0, 0.0, 0.0, 0.0] }, kd: Matrix { data: [0.0, 0.0, 0.0, 0.0, 0.0, 0.0, 0.0, 0.0, 0.0] }, ki: Matrix { data: [0.0, 0.0, 0.0, 0.0, 0.0, 0.0, 0.0, 0.0, 0.0] } }

, Equatorial { ra: 0.0, dec: 1.0, fr: 0.0, rot: Rotation { matrix: Matrix { data: [1.0, 0.0, 0.0, 0.0, 1.0, 0.0, 0.0, 0.0, 1.0] } } } 

 true
TRACE - START
TRACE - bit_one_step start
TRACE - bit_one_step end
TRACE - update_state start
TRACE - bound_gondola_position start
TRACE - bound_gondola_position end
DEBUG - theta: 
  ┌                               ┐
  │ 0.000000000003733860060972873 │
  │           0.00698131649497977 │
  │          0.006981316615589641 │
  │         0.0017453248874242473 │
  │         0.0017453112975911254 │
  │         0.0017453292581471017 │
  │   -0.000000011603729062767147 │
  │           0.10000001520785078 │
  │           -0.3490658503988659 │
  └                               ┘

, state_array 
  ┌                               ┐
  │    0.000000007467733253731947 │
  │     -0.0000010259969833442706 │
  │     -0.0000007847750183371633 │
  │      -0.000008728925669981395 │
  │      -0.000035908843018737706 │
  │    0.000000012305145609948477 │
  │      -0.000023207457737231748 │
  │       0.000030415484303112024 │
  │                             0 │
  │ 0.000000000003733860060972873 │
  │           0.00698131649497977 │
  │          0.006981316615589641 │
  │         0.0017453248874242473 │
  │         0.0017453112975911254 │
  │         0.0017453292581471017 │
  │   -0.000000011603729062767147 │
  │           0.10000001520785078 │
  │           -0.3490658503988659 │
  │                             0 │
  │                             0 │
  │            14.137166941154069 │
  └                               ┘

, dtheta 
  ┌                            ┐
  │ 0.000000007467733253731947 │
  │  -0.0000010259969833442706 │
  │  -0.0000007847750183371633 │
  │   -0.000008728925669981395 │
  │   -0.000035908843018737706 │
  │ 0.000000012305145609948477 │
  │   -0.000023207457737231748 │
  │    0.000030415484303112024 │
  │                          0 │
  └                            ┘

, dthet_thet: 
  ┌                               ┐
  │    0.000000007467733253731947 │
  │     -0.0000010259969833442706 │
  │     -0.0000007847750183371633 │
  │      -0.000008728925669981395 │
  │      -0.000035908843018737706 │
  │    0.000000012305145609948477 │
  │      -0.000023207457737231748 │
  │       0.000030415484303112024 │
  │                             0 │
  │ 0.000000000003733860060972873 │
  │           0.00698131649497977 │
  │          0.006981316615589641 │
  │         0.0017453248874242473 │
  │         0.0017453112975911254 │
  │         0.0017453292581471017 │
  │   -0.000000011603729062767147 │
  │           0.10000001520785078 │
  │           -0.3490658503988659 │
  └                               ┘


TRACE - update_state end
TRACE - get_omega_meas start
TRACE - compute_angular_velocity_C start
TRACE - compute_angular_velocity_C end
DEBUG - omega_m: 
  ┌                          ┐
  │   0.00001270791686634449 │
  │  -0.00003881043737793568 │
  │ -0.000025305479468394308 │
  └                          ┘

, om(pointer): [1.270791686634449e-5, -3.881043737793568e-5, -2.5305479468394308e-5]
TRACE - get_omega_meas end
TRACE - get_orientation_vector start
DEBUG - rotmat Rotation matrix {

  ┌                      ┐
  │  0.943 -0.035  0.332 │
  │ -0.001  0.994  0.109 │
  │ -0.334 -0.103  0.937 │
  └                      ┘

}
 from thet: 
  ┌                               ┐
  │ 0.000000000003733860060972873 │
  │           0.00698131649497977 │
  │          0.006981316615589641 │
  │         0.0017453248874242473 │
  │         0.0017453112975911254 │
  │         0.0017453292581471017 │
  │   -0.000000011603729062767147 │
  │           0.10000001520785078 │
  │           -0.3490658503988659 │
  └                               ┘


DEBUG - x_act [-0.10904007414881829, -0.34020967434714333, -0.000905085937501362]
TRACE - get_orientation_vector end
TRACE - get_rw_speed start
TRACE - get_rw_speed end
DEBUG - JSON Read successful, updated states: Gains { kp: Matrix { data: [0.0, 0.0, 0.0, 0.0, 0.0, 0.0, 0.0, 0.0, 0.0] }, kd: Matrix { data: [0.0, 0.0, 0.0, 0.0, 0.0, 0.0, 0.0, 0.0, 0.0] }, ki: Matrix { data: [0.0, 0.0, 0.0, 0.0, 0.0, 0.0, 0.0, 0.0, 0.0] } }

, Gains { kp: Matrix { data: [0.0, 0.0, 0.0, 0.0, 0.0, 0.0, 0.0, 0.0, 0.0] }, kd: Matrix { data: [0.0, 0.0, 0.0, 0.0, 0.0, 0.0, 0.0, 0.0, 0.0] }, ki: Matrix { data: [0.0, 0.0, 0.0, 0.0, 0.0, 0.0, 0.0, 0.0, 0.0] } }

, Equatorial { ra: 0.0, dec: 1.0, fr: 0.0, rot: Rotation { matrix: Matrix { data: [1.0, 0.0, 0.0, 0.0, 1.0, 0.0, 0.0, 0.0, 1.0] } } } 

 true
TRACE - update_equatorial_coordinates start
TRACE - calculate_rotation_matric_eq start
TRACE - calculate_rotation_matric_eq end
TRACE - update_equatorial_coordinates end
TRACE - update_gimbal_coordinates start
TRACE - update_gimbal_coordinates end
TRACE - update_ctrl start
TRACE - calculate_rotation_matric_eq start
TRACE - calculate_rotation_matric_eq end
TRACE - update_desired_gimbal_rpy start
TRACE - update_hor_to_eq_conversion start
DEBUG - gmst 58.25307741621509, jd 2459643.210590278, mn_obliq 23.43640822228731, nut in lon -0.0036812363614777462, nut in obl 0.001600199463761814
DEBUG - true obliq 23.43800842175107, apparent srt 58.24969991510628
TRACE - update_hor_to_eq_conversion end
TRACE - extract_gimbal_rpy start
TRACE - extract_gimbal_rpy end
TRACE - update_desired_gimbal_rpy end
INFO - 
  ┌       ┐
  │ 1 0 0 │
  │ 0 1 0 │
  │ 0 0 1 │
  └       ┘

 x 
  ┌                          ┐
  │   0.00001270791686634449 │
  │  -0.00003881043737793568 │
  │ -0.000025305479468394308 │
  └                          ┘

 = 
  ┌                          ┐
  │   0.00001270791686634449 │
  │  -0.00003881043737793568 │
  │ -0.000025305479468394308 │
  └                          ┘


INFO - 
  ┌       ┐
  │ 0 0 0 │
  │ 0 0 0 │
  │ 0 0 0 │
  └       ┘

 x 
  ┌                          ┐
  │   0.00001270791686634449 │
  │  -0.00003881043737793568 │
  │ -0.000025305479468394308 │
  └                          ┘

 = 
  ┌   ┐
  │ 0 │
  │ 0 │
  │ 0 │
  └   ┘


INFO - 
  ┌       ┐
  │ 1 0 0 │
  │ 0 1 0 │
  │ 0 0 1 │
  └       ┘

 x 
  ┌                           ┐
  │  0.0000001270791686634449 │
  │ -0.0000003881043737793568 │
  │ -0.0000002530547946839431 │
  └                           ┘

 = 
  ┌                           ┐
  │  0.0000001270791686634449 │
  │ -0.0000003881043737793568 │
  │ -0.0000002530547946839431 │
  └                           ┘


INFO - 
  ┌       ┐
  │ 0 0 0 │
  │ 0 0 0 │
  │ 0 0 0 │
  └       ┘

 x 
  ┌                           ┐
  │  0.0000001270791686634449 │
  │ -0.0000003881043737793568 │
  │ -0.0000002530547946839431 │
  └                           ┘

 = 
  ┌   ┐
  │ 0 │
  │ 0 │
  │ 0 │
  └   ┘


DEBUG - tau applied roll 0 
 pitch: 0 
 rw: -0
TRACE - update_ctrl end
TRACE - bit_one_step start
TRACE - bit_one_step end
TRACE - update_state start
TRACE - bound_gondola_position start
TRACE - bound_gondola_position end
DEBUG - theta: 
  ┌                              ┐
  │ 0.00000000001493519702642751 │
  │         0.006981314956021908 │
  │         0.006981315388092024 │
  │        0.0017453117898224013 │
  │         0.001745263104681023 │
  │         0.001745329276524133 │
  │   -0.00000004135336132114353 │
  │          0.10000004590127717 │
  │          -0.3490658503988659 │
  └                              ┘

, state_array 
  ┌                              ┐
  │   0.000000014934950175864317 │
  │      -0.00000205192012810538 │
  │    -0.0000016702202258250864 │
  │     -0.000017466116803441134 │
  │      -0.00006047697255300696 │
  │    0.00000002444856169241362 │
  │     -0.000036291806235706894 │
  │       0.00003097120656192799 │
  │                            0 │
  │ 0.00000000001493519702642751 │
  │         0.006981314956021908 │
  │         0.006981315388092024 │
  │        0.0017453117898224013 │
  │         0.001745263104681023 │
  │         0.001745329276524133 │
  │   -0.00000004135336132114353 │
  │          0.10000004590127717 │
  │          -0.3490658503988659 │
  │                            0 │
  │                            0 │
  │           14.137166941154069 │
  └                              ┘

, dtheta 
  ┌                            ┐
  │ 0.000000014934950175864317 │
  │    -0.00000205192012810538 │
  │  -0.0000016702202258250864 │
  │   -0.000017466116803441134 │
  │    -0.00006047697255300696 │
  │  0.00000002444856169241362 │
  │   -0.000036291806235706894 │
  │     0.00003097120656192799 │
  │                          0 │
  └                            ┘

, dthet_thet: 
  ┌                              ┐
  │   0.000000014934950175864317 │
  │      -0.00000205192012810538 │
  │    -0.0000016702202258250864 │
  │     -0.000017466116803441134 │
  │      -0.00006047697255300696 │
  │    0.00000002444856169241362 │
  │     -0.000036291806235706894 │
  │       0.00003097120656192799 │
  │                            0 │
  │ 0.00000000001493519702642751 │
  │         0.006981314956021908 │
  │         0.006981315388092024 │
  │        0.0017453117898224013 │
  │         0.001745263104681023 │
  │         0.001745329276524133 │
  │   -0.00000004135336132114353 │
  │          0.10000004590127717 │
  │          -0.3490658503988659 │
  └                              ┘


TRACE - update_state end
TRACE - get_omega_meas start
TRACE - compute_angular_velocity_C start
TRACE - compute_angular_velocity_C end
DEBUG - omega_m: 
  ┌                          ┐
  │ 0.0000004287932760894668 │
  │  -0.00006542636423878019 │
  │ -0.000031991596131839265 │
  └                          ┘

, om(pointer): [4.287932760894668e-7, -6.542636423878019e-5, -3.1991596131839265e-5]
TRACE - get_omega_meas end
TRACE - get_orientation_vector start
DEBUG - rotmat Rotation matrix {

  ┌                      ┐
  │  0.943 -0.035  0.332 │
  │ -0.001  0.994  0.109 │
  │ -0.334 -0.103  0.937 │
  └                      ┘

}
 from thet: 
  ┌                              ┐
  │ 0.00000000001493519702642751 │
  │         0.006981314956021908 │
  │         0.006981315388092024 │
  │        0.0017453117898224013 │
  │         0.001745263104681023 │
  │         0.001745329276524133 │
  │   -0.00000004135336132114353 │
  │          0.10000004590127717 │
  │          -0.3490658503988659 │
  └                              ┘


DEBUG - x_act [-0.10904008116656654, -0.34020972645958, -0.0009050596306787295]
TRACE - get_orientation_vector end
TRACE - get_rw_speed start
TRACE - get_rw_speed end
DEBUG - JSON Read successful, updated states: Gains { kp: Matrix { data: [0.0, 0.0, 0.0, 0.0, 0.0, 0.0, 0.0, 0.0, 0.0] }, kd: Matrix { data: [0.0, 0.0, 0.0, 0.0, 0.0, 0.0, 0.0, 0.0, 0.0] }, ki: Matrix { data: [0.0, 0.0, 0.0, 0.0, 0.0, 0.0, 0.0, 0.0, 0.0] } }

, Gains { kp: Matrix { data: [0.0, 0.0, 0.0, 0.0, 0.0, 0.0, 0.0, 0.0, 0.0] }, kd: Matrix { data: [0.0, 0.0, 0.0, 0.0, 0.0, 0.0, 0.0, 0.0, 0.0] }, ki: Matrix { data: [0.0, 0.0, 0.0, 0.0, 0.0, 0.0, 0.0, 0.0, 0.0] } }

, Equatorial { ra: 0.0, dec: 1.0, fr: 0.0, rot: Rotation { matrix: Matrix { data: [0.5403023058681398, -0.0, -0.8414709848078965, 0.0, 1.0, -0.0, 0.8414709848078965, 0.0, 0.5403023058681398] } } } 

 true
TRACE - update_equatorial_coordinates start
TRACE - calculate_rotation_matric_eq start
TRACE - calculate_rotation_matric_eq end
TRACE - update_equatorial_coordinates end
TRACE - update_gimbal_coordinates start
TRACE - update_gimbal_coordinates end
TRACE - update_ctrl start
TRACE - calculate_rotation_matric_eq start
TRACE - calculate_rotation_matric_eq end
TRACE - update_desired_gimbal_rpy start
TRACE - update_hor_to_eq_conversion start
DEBUG - gmst 58.25307741621509, jd 2459643.210590278, mn_obliq 23.43640822228731, nut in lon -0.0036812363614777462, nut in obl 0.001600199463761814
DEBUG - true obliq 23.43800842175107, apparent srt 58.24969991510628
TRACE - update_hor_to_eq_conversion end
TRACE - extract_gimbal_rpy start
TRACE - extract_gimbal_rpy end
TRACE - update_desired_gimbal_rpy end
INFO - 
  ┌       ┐
  │ 1 0 0 │
  │ 0 1 0 │
  │ 0 0 1 │
  └       ┘

 x 
  ┌                          ┐
  │ 0.0000004287932760894668 │
  │  -0.00006542636423878019 │
  │ -0.000031991596131839265 │
  └                          ┘

 = 
  ┌                          ┐
  │ 0.0000004287932760894668 │
  │  -0.00006542636423878019 │
  │ -0.000031991596131839265 │
  └                          ┘


INFO - 
  ┌       ┐
  │ 0 0 0 │
  │ 0 0 0 │
  │ 0 0 0 │
  └       ┘

 x 
  ┌                          ┐
  │ 0.0000004287932760894668 │
  │  -0.00006542636423878019 │
  │ -0.000031991596131839265 │
  └                          ┘

 = 
  ┌   ┐
  │ 0 │
  │ 0 │
  │ 0 │
  └   ┘


INFO - 
  ┌       ┐
  │ 1 0 0 │
  │ 0 1 0 │
  │ 0 0 1 │
  └       ┘

 x 
  ┌                           ┐
  │ 0.00000013124008577408588 │
  │ -0.0000010419801057808984 │
  │  -0.000000572717827692884 │
  └                           ┘

 = 
  ┌                           ┐
  │ 0.00000013124008577408588 │
  │ -0.0000010419801057808984 │
  │  -0.000000572717827692884 │
  └                           ┘


INFO - 
  ┌       ┐
  │ 0 0 0 │
  │ 0 0 0 │
  │ 0 0 0 │
  └       ┘

 x 
  ┌                           ┐
  │ 0.00000013124008577408588 │
  │ -0.0000010419801057808984 │
  │  -0.000000572717827692884 │
  └                           ┘

 = 
  ┌   ┐
  │ 0 │
  │ 0 │
  │ 0 │
  └   ┘


DEBUG - tau applied roll 0 
 pitch: 0 
 rw: -0
TRACE - update_ctrl end
TRACE - END
